app/build/intermediates/manifest_merge_blame_file/debug/manifest-merger-blame-debug-report.txt
1<?xml version="1.0" encoding="utf-8"?>
2<manifest xmlns:android="http://schemas.android.com/apk/res/android"
3    package="com.example.restaurantws"
4    android:versionCode="1"
5    android:versionName="1.0" >
6
7    <uses-sdk
8        android:minSdkVersion="21"
8-->src\main\AndroidManifest.xml
9        android:targetSdkVersion="31" />
9-->src\main\AndroidManifest.xml
10
11    <uses-permission android:name="android.permission.INTERNET" />
11-->src\main\AndroidManifest.xml:5:5-67
11-->src\main\AndroidManifest.xml:5:22-64
12
13    <application
13-->src\main\AndroidManifest.xml:7:5-43:19
14        android:name="com.example.restaurantws.MyApplication"
14-->src\main\AndroidManifest.xml:8:9-38
15        android:allowBackup="true"
15-->src\main\AndroidManifest.xml:9:9-35
16        android:appComponentFactory="androidx.core.app.CoreComponentFactory"
16-->[androidx.core:core:1.6.0] AndroidManifest.xml:24:18-86
17        android:debuggable="true"
18        android:icon="@mipmap/ic_launcher"
18-->src\main\AndroidManifest.xml:10:9-43
19        android:label="@string/app_name"
19-->src\main\AndroidManifest.xml:11:9-41
20        android:roundIcon="@mipmap/ic_launcher_round"
20-->src\main\AndroidManifest.xml:12:9-54
21        android:supportsRtl="true"
21-->src\main\AndroidManifest.xml:13:9-35
22        android:theme="@style/Theme.RestaurantWS" >
22-->src\main\AndroidManifest.xml:14:9-50
23        <activity
23-->src\main\AndroidManifest.xml:15:9-19:69
24            android:name="com.example.restaurantws.ui.MainActivity"
24-->src\main\AndroidManifest.xml:16:13-44
25            android:exported="true"
25-->src\main\AndroidManifest.xml:17:13-36
26            android:label="@string/title_activity_main"
26-->src\main\AndroidManifest.xml:18:13-56
27            android:theme="@style/Theme.RestaurantWS.NoActionBar" />
27-->src\main\AndroidManifest.xml:19:13-66
28        <activity
28-->src\main\AndroidManifest.xml:20:9-28:20
29            android:name="com.example.restaurantws.ui.splash.SplashScreenActivity"
29-->src\main\AndroidManifest.xml:21:13-59
30            android:exported="true" >
30-->src\main\AndroidManifest.xml:22:13-36
31            <intent-filter>
31-->src\main\AndroidManifest.xml:23:13-27:29
32                <action android:name="android.intent.action.MAIN" />
32-->src\main\AndroidManifest.xml:24:17-69
32-->src\main\AndroidManifest.xml:24:25-66
33
34                <category android:name="android.intent.category.LAUNCHER" />
34-->src\main\AndroidManifest.xml:26:17-77
34-->src\main\AndroidManifest.xml:26:27-74
35            </intent-filter>
36        </activity>
37        <activity
37-->src\main\AndroidManifest.xml:29:9-31:39
38            android:name="com.example.restaurantws.ui.speciality.SpecialityActivity"
38-->src\main\AndroidManifest.xml:30:13-61
39            android:exported="true" />
39-->src\main\AndroidManifest.xml:31:13-36
40        <activity
40-->src\main\AndroidManifest.xml:32:9-34:39
41            android:name="com.example.restaurantws.ui.sign_up.SignUpActivity"
41-->src\main\AndroidManifest.xml:33:13-54
42            android:exported="true" />
42-->src\main\AndroidManifest.xml:34:13-36
43        <activity
43-->src\main\AndroidManifest.xml:35:9-38:57
44            android:name="com.example.restaurantws.ui.login.LoginActivity"
44-->src\main\AndroidManifest.xml:36:13-51
45            android:exported="true"
45-->src\main\AndroidManifest.xml:37:13-36
46            android:label="@string/app_name" />
46-->src\main\AndroidManifest.xml:38:13-45
47
48        <meta-data
48-->src\main\AndroidManifest.xml:40:9-42:57
49            android:name="preloaded_fonts"
49-->src\main\AndroidManifest.xml:41:13-43
50            android:resource="@array/preloaded_fonts" />
50-->src\main\AndroidManifest.xml:42:13-54
51
52        <service
52-->[androidx.room:room-runtime:2.3.0] AndroidManifest.xml:25:9-28:40
53            android:name="androidx.room.MultiInstanceInvalidationService"
53-->[androidx.room:room-runtime:2.3.0] AndroidManifest.xml:26:13-74
54            android:directBootAware="true"
54-->[androidx.room:room-runtime:2.3.0] AndroidManifest.xml:27:13-43
55            android:exported="false" />
55-->[androidx.room:room-runtime:2.3.0] AndroidManifest.xml:28:13-37
56    </application>
57
58</manifest>